<?xml version="1.0" encoding="UTF-8"?>
<testsuite name="com.sss.RESTfulWebService.ResTfulWebServiceApplicationTests" tests="1" skipped="0" failures="0" errors="0" timestamp="2019-04-11T03:19:12" hostname="shailja-HP-Pavilion-dv4-Notebook-PC" time="0.666">
  <properties/>
  <testcase name="contextLoads" classname="com.sss.RESTfulWebService.ResTfulWebServiceApplicationTests" time="0.666"/>
  <system-out><![CDATA[09:04:04.157 [Test worker] DEBUG org.springframework.test.context.junit4.SpringJUnit4ClassRunner - SpringJUnit4ClassRunner constructor called with [class com.sss.RESTfulWebService.ResTfulWebServiceApplicationTests]
09:04:04.184 [Test worker] DEBUG org.springframework.test.context.BootstrapUtils - Instantiating CacheAwareContextLoaderDelegate from class [org.springframework.test.context.cache.DefaultCacheAwareContextLoaderDelegate]
09:04:04.203 [Test worker] DEBUG org.springframework.test.context.BootstrapUtils - Instantiating BootstrapContext using constructor [public org.springframework.test.context.support.DefaultBootstrapContext(java.lang.Class,org.springframework.test.context.CacheAwareContextLoaderDelegate)]
09:04:04.248 [Test worker] DEBUG org.springframework.test.context.BootstrapUtils - Instantiating TestContextBootstrapper for test class [com.sss.RESTfulWebService.ResTfulWebServiceApplicationTests] from class [org.springframework.boot.test.context.SpringBootTestContextBootstrapper]
09:04:04.274 [Test worker] INFO org.springframework.boot.test.context.SpringBootTestContextBootstrapper - Neither @ContextConfiguration nor @ContextHierarchy found for test class [com.sss.RESTfulWebService.ResTfulWebServiceApplicationTests], using SpringBootContextLoader
09:04:04.290 [Test worker] DEBUG org.springframework.test.context.support.AbstractContextLoader - Did not detect default resource location for test class [com.sss.RESTfulWebService.ResTfulWebServiceApplicationTests]: class path resource [com/sss/RESTfulWebService/ResTfulWebServiceApplicationTests-context.xml] does not exist
09:04:04.293 [Test worker] DEBUG org.springframework.test.context.support.AbstractContextLoader - Did not detect default resource location for test class [com.sss.RESTfulWebService.ResTfulWebServiceApplicationTests]: class path resource [com/sss/RESTfulWebService/ResTfulWebServiceApplicationTestsContext.groovy] does not exist
09:04:04.299 [Test worker] INFO org.springframework.test.context.support.AbstractContextLoader - Could not detect default resource locations for test class [com.sss.RESTfulWebService.ResTfulWebServiceApplicationTests]: no resource found for suffixes {-context.xml, Context.groovy}.
09:04:04.303 [Test worker] INFO org.springframework.test.context.support.AnnotationConfigContextLoaderUtils - Could not detect default configuration classes for test class [com.sss.RESTfulWebService.ResTfulWebServiceApplicationTests]: ResTfulWebServiceApplicationTests does not declare any static, non-private, non-final, nested classes annotated with @Configuration.
09:04:04.479 [Test worker] DEBUG org.springframework.test.context.support.ActiveProfilesUtils - Could not find an 'annotation declaring class' for annotation type [org.springframework.test.context.ActiveProfiles] and class [com.sss.RESTfulWebService.ResTfulWebServiceApplicationTests]
09:04:04.661 [Test worker] DEBUG org.springframework.context.annotation.ClassPathScanningCandidateComponentProvider - Identified candidate component class: file [/home/shailja/SpringProjects/RESTfulWebService/build/classes/java/main/com/sss/RESTfulWebService/ResTfulWebServiceApplication.class]
09:04:04.663 [Test worker] INFO org.springframework.boot.test.context.SpringBootTestContextBootstrapper - Found @SpringBootConfiguration com.sss.RESTfulWebService.ResTfulWebServiceApplication for test class com.sss.RESTfulWebService.ResTfulWebServiceApplicationTests
09:04:04.940 [Test worker] DEBUG org.springframework.boot.test.context.SpringBootTestContextBootstrapper - @TestExecutionListeners is not present for class [com.sss.RESTfulWebService.ResTfulWebServiceApplicationTests]: using defaults.
09:04:04.941 [Test worker] INFO org.springframework.boot.test.context.SpringBootTestContextBootstrapper - Loaded default TestExecutionListener class names from location [META-INF/spring.factories]: [org.springframework.boot.test.autoconfigure.restdocs.RestDocsTestExecutionListener, org.springframework.boot.test.autoconfigure.web.client.MockRestServiceServerResetTestExecutionListener, org.springframework.boot.test.autoconfigure.web.servlet.MockMvcPrintOnlyOnFailureTestExecutionListener, org.springframework.boot.test.autoconfigure.web.servlet.WebDriverTestExecutionListener, org.springframework.boot.test.mock.mockito.MockitoTestExecutionListener, org.springframework.boot.test.mock.mockito.ResetMocksTestExecutionListener, org.springframework.test.context.web.ServletTestExecutionListener, org.springframework.test.context.support.DirtiesContextBeforeModesTestExecutionListener, org.springframework.test.context.support.DependencyInjectionTestExecutionListener, org.springframework.test.context.support.DirtiesContextTestExecutionListener, org.springframework.test.context.transaction.TransactionalTestExecutionListener, org.springframework.test.context.jdbc.SqlScriptsTestExecutionListener]
09:04:04.973 [Test worker] DEBUG org.springframework.boot.test.context.SpringBootTestContextBootstrapper - Skipping candidate TestExecutionListener [org.springframework.test.context.transaction.TransactionalTestExecutionListener] due to a missing dependency. Specify custom listener classes or make the default listener classes and their required dependencies available. Offending class: [org/springframework/transaction/TransactionDefinition]
09:04:04.976 [Test worker] DEBUG org.springframework.boot.test.context.SpringBootTestContextBootstrapper - Skipping candidate TestExecutionListener [org.springframework.test.context.jdbc.SqlScriptsTestExecutionListener] due to a missing dependency. Specify custom listener classes or make the default listener classes and their required dependencies available. Offending class: [org/springframework/transaction/interceptor/TransactionAttribute]
09:04:04.978 [Test worker] INFO org.springframework.boot.test.context.SpringBootTestContextBootstrapper - Using TestExecutionListeners: [org.springframework.test.context.web.ServletTestExecutionListener@59286a3e, org.springframework.test.context.support.DirtiesContextBeforeModesTestExecutionListener@713f9b03, org.springframework.boot.test.mock.mockito.MockitoTestExecutionListener@3acf77cd, org.springframework.boot.test.autoconfigure.SpringBootDependencyInjectionTestExecutionListener@55a7ea37, org.springframework.test.context.support.DirtiesContextTestExecutionListener@4f440327, org.springframework.boot.test.autoconfigure.restdocs.RestDocsTestExecutionListener@42ae7e4f, org.springframework.boot.test.autoconfigure.web.client.MockRestServiceServerResetTestExecutionListener@31e08c8, org.springframework.boot.test.autoconfigure.web.servlet.MockMvcPrintOnlyOnFailureTestExecutionListener@6982acce, org.springframework.boot.test.autoconfigure.web.servlet.WebDriverTestExecutionListener@630c7e2, org.springframework.boot.test.mock.mockito.ResetMocksTestExecutionListener@37dd8d6d]
09:04:04.985 [Test worker] DEBUG org.springframework.test.annotation.ProfileValueUtils - Retrieved @ProfileValueSourceConfiguration [null] for test class [com.sss.RESTfulWebService.ResTfulWebServiceApplicationTests]
09:04:04.991 [Test worker] DEBUG org.springframework.test.annotation.ProfileValueUtils - Retrieved ProfileValueSource type [class org.springframework.test.annotation.SystemProfileValueSource] for class [com.sss.RESTfulWebService.ResTfulWebServiceApplicationTests]
09:04:04.993 [Test worker] DEBUG org.springframework.test.annotation.ProfileValueUtils - Retrieved @ProfileValueSourceConfiguration [null] for test class [com.sss.RESTfulWebService.ResTfulWebServiceApplicationTests]
09:04:04.994 [Test worker] DEBUG org.springframework.test.annotation.ProfileValueUtils - Retrieved ProfileValueSource type [class org.springframework.test.annotation.SystemProfileValueSource] for class [com.sss.RESTfulWebService.ResTfulWebServiceApplicationTests]
09:04:05.013 [Test worker] DEBUG org.springframework.test.context.support.AbstractDirtiesContextTestExecutionListener - Before test class: context [DefaultTestContext@7cc4a6db testClass = ResTfulWebServiceApplicationTests, testInstance = [null], testMethod = [null], testException = [null], mergedContextConfiguration = [WebMergedContextConfiguration@62214beb testClass = ResTfulWebServiceApplicationTests, locations = '{}', classes = '{class com.sss.RESTfulWebService.ResTfulWebServiceApplication}', contextInitializerClasses = '[]', activeProfiles = '{}', propertySourceLocations = '{}', propertySourceProperties = '{org.springframework.boot.test.context.SpringBootTestContextBootstrapper=true}', contextCustomizers = set[org.springframework.boot.test.autoconfigure.properties.PropertyMappingContextCustomizer@0, org.springframework.boot.test.autoconfigure.web.servlet.WebDriverContextCustomizerFactory$Customizer@432e4707, org.springframework.boot.test.context.filter.ExcludeFilterContextCustomizer@2ce4ab8c, org.springframework.boot.test.json.DuplicateJsonObjectContextCustomizerFactory$DuplicateJsonObjectContextCustomizer@3c855aef, org.springframework.boot.test.mock.mockito.MockitoContextCustomizer@0, org.springframework.boot.test.web.client.TestRestTemplateContextCustomizer@5ffaabc3], resourceBasePath = 'src/main/webapp', contextLoader = 'org.springframework.boot.test.context.SpringBootContextLoader', parent = [null]], attributes = map['org.springframework.test.context.web.ServletTestExecutionListener.activateListener' -> true]], class annotated with @DirtiesContext [false] with mode [null].
09:04:05.020 [Test worker] DEBUG org.springframework.test.annotation.ProfileValueUtils - Retrieved @ProfileValueSourceConfiguration [null] for test class [com.sss.RESTfulWebService.ResTfulWebServiceApplicationTests]
09:04:05.020 [Test worker] DEBUG org.springframework.test.annotation.ProfileValueUtils - Retrieved ProfileValueSource type [class org.springframework.test.annotation.SystemProfileValueSource] for class [com.sss.RESTfulWebService.ResTfulWebServiceApplicationTests]
09:04:05.073 [Test worker] DEBUG org.springframework.test.context.support.TestPropertySourceUtils - Adding inlined properties to environment: {spring.jmx.enabled=false, org.springframework.boot.test.context.SpringBootTestContextBootstrapper=true, server.port=-1}

  .   ____          _            __ _ _
 /\\ / ___'_ __ _ _(_)_ __  __ _ \ \ \ \
( ( )\___ | '_ | '_| | '_ \/ _` | \ \ \ \
 \\/  ___)| |_)| | | | | || (_| |  ) ) ) )
  '  |____| .__|_| |_|_| |_\__, | / / / /
 =========|_|==============|___/=/_/_/_/
 :: Spring Boot ::        (v2.1.4.RELEASE)

2019-04-11 09:04:05.761  INFO 7443 --- [    Test worker] c.s.R.ResTfulWebServiceApplicationTests  : Starting ResTfulWebServiceApplicationTests on shailja-HP-Pavilion-dv4-Notebook-PC with PID 7443 (started by shailja in /home/shailja/SpringProjects/RESTfulWebService)
2019-04-11 09:04:05.764  INFO 7443 --- [    Test worker] c.s.R.ResTfulWebServiceApplicationTests  : No active profile set, falling back to default profiles: default
2019-04-11 09:04:11.852  INFO 7443 --- [    Test worker] o.s.s.concurrent.ThreadPoolTaskExecutor  : Initializing ExecutorService 'applicationTaskExecutor'
2019-04-11 09:04:12.893  INFO 7443 --- [    Test worker] c.s.R.ResTfulWebServiceApplicationTests  : Started ResTfulWebServiceApplicationTests in 7.793 seconds (JVM running for 11.094)
]]></system-out>
  <system-err><![CDATA[]]></system-err>
</testsuite>
